3b497527-fb8f-4e96-b4f9-f65344ce0a9f	gi|1088477693|ref|NC_031549.1|	6.94e-91	98.010	348	NC_031549	643333	Capoeta aculeata	Capoeta aculeata	Capoeta aculeata mitochondrial DNA, complete genome	204	16602
3b497527-fb8f-4e96-b4f9-f65344ce0a9f	gi|1088475133|ref|NC_031522.1|	6.94e-91	98.010	348	NC_031522	643318	Capoeta damascina	Capoeta damascina	Capoeta damascina mitochondrial DNA, complete genome	204	16608
3b497527-fb8f-4e96-b4f9-f65344ce0a9f	gi|2258873121|gb|MZ221752.1|	6.94e-91	98.010	348	MZ221752	77794	Luciobarbus capito	Bulatmai barbel	Luciobarbus capito mitochondrion, complete genome	204	16605
3b497527-fb8f-4e96-b4f9-f65344ce0a9f	gi|2745580062|gb|PP928757.1|	3.23e-89	97.512	342	PP928757	1483055	Luciobarbus comizo	Iberian barbel	Luciobarbus comizo isolate MNHNC:MB85:001325 mitochondrion, complete genome	204	16614
3b497527-fb8f-4e96-b4f9-f65344ce0a9f	gi|2745580048|gb|PP928756.1|	3.23e-89	97.512	342	PP928756	41246	Luciobarbus bocagei	Luciobarbus bocagei	Luciobarbus bocagei isolate 1901 mitochondrion, complete genome	204	16621
cfe3512b-b0da-4d73-9f6e-6f1d2f2e2e37	gi|2775872557|gb|PQ059854.1|	1.92e-102	98.190	387	PQ059854	58325	Leuciscus leuciscus	common dace	Leuciscus leuciscus voucher NRM 55438 mitochondrion, complete genome	257	16603
cfe3512b-b0da-4d73-9f6e-6f1d2f2e2e37	gi|2745580398|gb|PP928781.1|	1.92e-102	98.190	387	PP928781	3158976	N/A	N/A	Squalius tartessicus isolate PEI0706 mitochondrion, complete genome	257	16607
cfe3512b-b0da-4d73-9f6e-6f1d2f2e2e37	gi|2745580370|gb|PP928779.1|	1.92e-102	98.190	387	PP928779	263744	Squalius pyrenaicus	Squalius pyrenaicus	Squalius pyrenaicus isolate MNHNC:MB85:002116 mitochondrion, complete genome	257	16608
cfe3512b-b0da-4d73-9f6e-6f1d2f2e2e37	gi|2745580356|gb|PP928778.1|	1.92e-102	98.190	387	PP928778	8284	Squalius cephalus	European chub	Squalius cephalus isolate SC133GL mitochondrion, complete genome	257	16610
cfe3512b-b0da-4d73-9f6e-6f1d2f2e2e37	gi|2745580314|gb|PP928775.1|	1.92e-102	98.190	387	PP928775	70739	Squalius alburnoides	Squalius alburnoides	Squalius alburnoides isolate 1942 mitochondrion, complete genome	257	16607
9581cf31-cd90-4ab5-804d-5daef465769e	gi|2745580258|gb|PP928771.1|	5.92e-102	98.190	385	PP928771	48668	Rutilus rutilus	roach minnow	Rutilus rutilus isolate FRISK0008 mitochondrion, complete genome	224	16606
9581cf31-cd90-4ab5-804d-5daef465769e	gi|2325477616|gb|OM736800.1|	5.92e-102	98.190	385	OM736800	48668	Rutilus rutilus	roach minnow	Rutilus rutilus voucher NEFC_F20-103 mitochondrion, complete genome	224	16606
9581cf31-cd90-4ab5-804d-5daef465769e	gi|2386959104|ref|NC_068671.1|	5.92e-102	98.190	385	NC_068671	48668	Rutilus rutilus	roach minnow	Rutilus rutilus voucher NEFC_F20-111 mitochondrion, complete genome	224	16606
9581cf31-cd90-4ab5-804d-5daef465769e	gi|2812894359|gb|OP612947.1|	2.75e-100	97.738	379	OP612947	48668	Rutilus rutilus	roach minnow	Rutilus rutilus mitochondrion, complete genome	224	16606
9581cf31-cd90-4ab5-804d-5daef465769e	gi|2775872557|gb|PQ059854.1|	2.75e-100	97.738	379	PQ059854	58325	Leuciscus leuciscus	common dace	Leuciscus leuciscus voucher NRM 55438 mitochondrion, complete genome	224	16603
a2dd41fa-714b-44f7-a771-a122d2555aa5	gi|225936820|emb|FM995178.1|	3.63e-78	97.740	305	FM995178	77133	uncultured bacterium	uncultured bacterium	Uncultured bacterium partial 16S rRNA gene, isolate SRODG064	180	1493
a2dd41fa-714b-44f7-a771-a122d2555aa5	gi|349582452|gb|JF827476.1|	1.31e-77	97.207	303	JF827476	77133	uncultured bacterium	uncultured bacterium	Uncultured bacterium clone 154D1 16S ribosomal RNA gene, partial sequence	180	873
08fbe04d-6042-49c4-be68-d868611caa83	gi|1088477693|ref|NC_031549.1|	5.89e-102	98.190	385	NC_031549	643333	Capoeta aculeata	Capoeta aculeata	Capoeta aculeata mitochondrial DNA, complete genome	223	16602
08fbe04d-6042-49c4-be68-d868611caa83	gi|1088475133|ref|NC_031522.1|	5.89e-102	98.190	385	NC_031522	643318	Capoeta damascina	Capoeta damascina	Capoeta damascina mitochondrial DNA, complete genome	223	16608
08fbe04d-6042-49c4-be68-d868611caa83	gi|2258873121|gb|MZ221752.1|	5.89e-102	98.190	385	MZ221752	77794	Luciobarbus capito	Bulatmai barbel	Luciobarbus capito mitochondrion, complete genome	223	16605
08fbe04d-6042-49c4-be68-d868611caa83	gi|2745580062|gb|PP928757.1|	2.74e-100	97.738	379	PP928757	1483055	Luciobarbus comizo	Iberian barbel	Luciobarbus comizo isolate MNHNC:MB85:001325 mitochondrion, complete genome	223	16614
08fbe04d-6042-49c4-be68-d868611caa83	gi|2745580048|gb|PP928756.1|	2.74e-100	97.738	379	PP928756	41246	Luciobarbus bocagei	Luciobarbus bocagei	Luciobarbus bocagei isolate 1901 mitochondrion, complete genome	223	16621
5b211008-e539-4f3c-9d30-ff5c243f8804	gi|1088477693|ref|NC_031549.1|	2.74e-100	97.738	379	NC_031549	643333	Capoeta aculeata	Capoeta aculeata	Capoeta aculeata mitochondrial DNA, complete genome	223	16602
5b211008-e539-4f3c-9d30-ff5c243f8804	gi|1088475133|ref|NC_031522.1|	2.74e-100	97.738	379	NC_031522	643318	Capoeta damascina	Capoeta damascina	Capoeta damascina mitochondrial DNA, complete genome	223	16608
5b211008-e539-4f3c-9d30-ff5c243f8804	gi|2258873121|gb|MZ221752.1|	2.74e-100	97.738	379	MZ221752	77794	Luciobarbus capito	Bulatmai barbel	Luciobarbus capito mitochondrion, complete genome	223	16605
5b211008-e539-4f3c-9d30-ff5c243f8804	gi|2745580062|gb|PP928757.1|	1.27e-98	97.285	374	PP928757	1483055	Luciobarbus comizo	Iberian barbel	Luciobarbus comizo isolate MNHNC:MB85:001325 mitochondrion, complete genome	223	16614
5b211008-e539-4f3c-9d30-ff5c243f8804	gi|2745580048|gb|PP928756.1|	1.27e-98	97.285	374	PP928756	41246	Luciobarbus bocagei	Luciobarbus bocagei	Luciobarbus bocagei isolate 1901 mitochondrion, complete genome	223	16621
b2b7ba06-fef1-4a21-815d-a11c682b90c6	gi|426581027|ref|NC_019575.1|	3.56e-99	97.297	375	NC_019575	886298	Alburnus tarichi	tarek	Alburnus tarichi mitochondrion, complete genome	224	16602
b54d9445-d8c5-45b1-9478-5f374ec0eb3b	gi|1088477693|ref|NC_031549.1|	2.88e-100	97.738	379	NC_031549	643333	Capoeta aculeata	Capoeta aculeata	Capoeta aculeata mitochondrial DNA, complete genome	233	16602
b54d9445-d8c5-45b1-9478-5f374ec0eb3b	gi|1088475133|ref|NC_031522.1|	2.88e-100	97.738	379	NC_031522	643318	Capoeta damascina	Capoeta damascina	Capoeta damascina mitochondrial DNA, complete genome	233	16608
b54d9445-d8c5-45b1-9478-5f374ec0eb3b	gi|2258873121|gb|MZ221752.1|	2.88e-100	97.738	379	MZ221752	77794	Luciobarbus capito	Bulatmai barbel	Luciobarbus capito mitochondrion, complete genome	233	16605
b54d9445-d8c5-45b1-9478-5f374ec0eb3b	gi|2745580062|gb|PP928757.1|	1.34e-98	97.285	374	PP928757	1483055	Luciobarbus comizo	Iberian barbel	Luciobarbus comizo isolate MNHNC:MB85:001325 mitochondrion, complete genome	233	16614
b54d9445-d8c5-45b1-9478-5f374ec0eb3b	gi|2745580048|gb|PP928756.1|	1.34e-98	97.285	374	PP928756	41246	Luciobarbus bocagei	Luciobarbus bocagei	Luciobarbus bocagei isolate 1901 mitochondrion, complete genome	233	16621
19cc2542-0624-4964-b674-778f9a0e8df6	gi|1088477693|ref|NC_031549.1|	3.62e-99	97.321	375	NC_031549	643333	Capoeta aculeata	Capoeta aculeata	Capoeta aculeata mitochondrial DNA, complete genome	227	16602
d53b7e40-8f03-46f8-935d-f584fa75a86e	gi|2258873121|gb|MZ221752.1|	1.19e-67	97.500	270	MZ221752	77794	Luciobarbus capito	Bulatmai barbel	Luciobarbus capito mitochondrion, complete genome	165	16605
bf83bfbc-b558-4e52-b043-f07e440647d2	gi|2775872557|gb|PQ059854.1|	1.27e-98	97.285	374	PQ059854	58325	Leuciscus leuciscus	common dace	Leuciscus leuciscus voucher NRM 55438 mitochondrion, complete genome	223	16603
bf83bfbc-b558-4e52-b043-f07e440647d2	gi|2745580398|gb|PP928781.1|	1.27e-98	97.285	374	PP928781	3158976	N/A	N/A	Squalius tartessicus isolate PEI0706 mitochondrion, complete genome	223	16607
bf83bfbc-b558-4e52-b043-f07e440647d2	gi|2745580370|gb|PP928779.1|	1.27e-98	97.285	374	PP928779	263744	Squalius pyrenaicus	Squalius pyrenaicus	Squalius pyrenaicus isolate MNHNC:MB85:002116 mitochondrion, complete genome	223	16608
bf83bfbc-b558-4e52-b043-f07e440647d2	gi|2745580356|gb|PP928778.1|	1.27e-98	97.285	374	PP928778	8284	Squalius cephalus	European chub	Squalius cephalus isolate SC133GL mitochondrion, complete genome	223	16610
bf83bfbc-b558-4e52-b043-f07e440647d2	gi|2745580314|gb|PP928775.1|	1.27e-98	97.285	374	PP928775	70739	Squalius alburnoides	Squalius alburnoides	Squalius alburnoides isolate 1942 mitochondrion, complete genome	223	16607
ff83ab1b-6c1a-4cff-ae02-d34f5e5d828f	gi|1088477693|ref|NC_031549.1|	6.89e-102	98.190	385	NC_031549	643333	Capoeta aculeata	Capoeta aculeata	Capoeta aculeata mitochondrial DNA, complete genome	256	16602
ff83ab1b-6c1a-4cff-ae02-d34f5e5d828f	gi|1088475133|ref|NC_031522.1|	6.89e-102	98.190	385	NC_031522	643318	Capoeta damascina	Capoeta damascina	Capoeta damascina mitochondrial DNA, complete genome	256	16608
ff83ab1b-6c1a-4cff-ae02-d34f5e5d828f	gi|2258873121|gb|MZ221752.1|	6.89e-102	98.190	385	MZ221752	77794	Luciobarbus capito	Bulatmai barbel	Luciobarbus capito mitochondrion, complete genome	256	16605
ff83ab1b-6c1a-4cff-ae02-d34f5e5d828f	gi|2745580062|gb|PP928757.1|	3.21e-100	97.738	379	PP928757	1483055	Luciobarbus comizo	Iberian barbel	Luciobarbus comizo isolate MNHNC:MB85:001325 mitochondrion, complete genome	256	16614
ff83ab1b-6c1a-4cff-ae02-d34f5e5d828f	gi|2745580048|gb|PP928756.1|	3.21e-100	97.738	379	PP928756	41246	Luciobarbus bocagei	Luciobarbus bocagei	Luciobarbus bocagei isolate 1901 mitochondrion, complete genome	256	16621
08ddd243-1319-4b39-8a64-7f53fd18eecf	gi|2775872557|gb|PQ059854.1|	1.65e-102	98.190	387	PQ059854	58325	Leuciscus leuciscus	common dace	Leuciscus leuciscus voucher NRM 55438 mitochondrion, complete genome	224	16603
08ddd243-1319-4b39-8a64-7f53fd18eecf	gi|2745580398|gb|PP928781.1|	1.65e-102	98.190	387	PP928781	3158976	N/A	N/A	Squalius tartessicus isolate PEI0706 mitochondrion, complete genome	224	16607
08ddd243-1319-4b39-8a64-7f53fd18eecf	gi|2745580370|gb|PP928779.1|	1.65e-102	98.190	387	PP928779	263744	Squalius pyrenaicus	Squalius pyrenaicus	Squalius pyrenaicus isolate MNHNC:MB85:002116 mitochondrion, complete genome	224	16608
08ddd243-1319-4b39-8a64-7f53fd18eecf	gi|2745580356|gb|PP928778.1|	1.65e-102	98.190	387	PP928778	8284	Squalius cephalus	European chub	Squalius cephalus isolate SC133GL mitochondrion, complete genome	224	16610
08ddd243-1319-4b39-8a64-7f53fd18eecf	gi|2745580314|gb|PP928775.1|	1.65e-102	98.190	387	PP928775	70739	Squalius alburnoides	Squalius alburnoides	Squalius alburnoides isolate 1942 mitochondrion, complete genome	224	16607
3de53ad9-c5d0-4824-b840-daac91d49644	gi|2775872557|gb|PQ059854.1|	7.65e-101	97.738	381	PQ059854	58325	Leuciscus leuciscus	common dace	Leuciscus leuciscus voucher NRM 55438 mitochondrion, complete genome	224	16603
3de53ad9-c5d0-4824-b840-daac91d49644	gi|2745580398|gb|PP928781.1|	7.65e-101	97.738	381	PP928781	3158976	N/A	N/A	Squalius tartessicus isolate PEI0706 mitochondrion, complete genome	224	16607
3de53ad9-c5d0-4824-b840-daac91d49644	gi|2745580370|gb|PP928779.1|	7.65e-101	97.738	381	PP928779	263744	Squalius pyrenaicus	Squalius pyrenaicus	Squalius pyrenaicus isolate MNHNC:MB85:002116 mitochondrion, complete genome	224	16608
3de53ad9-c5d0-4824-b840-daac91d49644	gi|2745580356|gb|PP928778.1|	7.65e-101	97.738	381	PP928778	8284	Squalius cephalus	European chub	Squalius cephalus isolate SC133GL mitochondrion, complete genome	224	16610
3de53ad9-c5d0-4824-b840-daac91d49644	gi|2745580314|gb|PP928775.1|	7.65e-101	97.738	381	PP928775	70739	Squalius alburnoides	Squalius alburnoides	Squalius alburnoides isolate 1942 mitochondrion, complete genome	224	16607
1717041a-4eb0-4624-9250-722668b4a42c	gi|2775872557|gb|PQ059854.1|	1.65e-102	98.190	387	PQ059854	58325	Leuciscus leuciscus	common dace	Leuciscus leuciscus voucher NRM 55438 mitochondrion, complete genome	224	16603
1717041a-4eb0-4624-9250-722668b4a42c	gi|2745580398|gb|PP928781.1|	1.65e-102	98.190	387	PP928781	3158976	N/A	N/A	Squalius tartessicus isolate PEI0706 mitochondrion, complete genome	224	16607
1717041a-4eb0-4624-9250-722668b4a42c	gi|2745580370|gb|PP928779.1|	1.65e-102	98.190	387	PP928779	263744	Squalius pyrenaicus	Squalius pyrenaicus	Squalius pyrenaicus isolate MNHNC:MB85:002116 mitochondrion, complete genome	224	16608
1717041a-4eb0-4624-9250-722668b4a42c	gi|2745580356|gb|PP928778.1|	1.65e-102	98.190	387	PP928778	8284	Squalius cephalus	European chub	Squalius cephalus isolate SC133GL mitochondrion, complete genome	224	16610
1717041a-4eb0-4624-9250-722668b4a42c	gi|2745580314|gb|PP928775.1|	1.65e-102	98.190	387	PP928775	70739	Squalius alburnoides	Squalius alburnoides	Squalius alburnoides isolate 1942 mitochondrion, complete genome	224	16607
170a05eb-9b63-4077-bcfd-c5afb59d37ab	gi|2775872557|gb|PQ059854.1|	7.65e-101	97.738	381	PQ059854	58325	Leuciscus leuciscus	common dace	Leuciscus leuciscus voucher NRM 55438 mitochondrion, complete genome	224	16603
170a05eb-9b63-4077-bcfd-c5afb59d37ab	gi|2745580398|gb|PP928781.1|	7.65e-101	97.738	381	PP928781	3158976	N/A	N/A	Squalius tartessicus isolate PEI0706 mitochondrion, complete genome	224	16607
170a05eb-9b63-4077-bcfd-c5afb59d37ab	gi|2745580370|gb|PP928779.1|	7.65e-101	97.738	381	PP928779	263744	Squalius pyrenaicus	Squalius pyrenaicus	Squalius pyrenaicus isolate MNHNC:MB85:002116 mitochondrion, complete genome	224	16608
170a05eb-9b63-4077-bcfd-c5afb59d37ab	gi|2745580356|gb|PP928778.1|	7.65e-101	97.738	381	PP928778	8284	Squalius cephalus	European chub	Squalius cephalus isolate SC133GL mitochondrion, complete genome	224	16610
170a05eb-9b63-4077-bcfd-c5afb59d37ab	gi|2745580314|gb|PP928775.1|	7.65e-101	97.738	381	PP928775	70739	Squalius alburnoides	Squalius alburnoides	Squalius alburnoides isolate 1942 mitochondrion, complete genome	224	16607
1efc8fca-e628-4868-b27c-7c072a1bd5ea	gi|2775872557|gb|PQ059854.1|	1.17e-88	97.044	340	PQ059854	58325	Leuciscus leuciscus	common dace	Leuciscus leuciscus voucher NRM 55438 mitochondrion, complete genome	205	16603
1efc8fca-e628-4868-b27c-7c072a1bd5ea	gi|2745580398|gb|PP928781.1|	1.17e-88	97.044	340	PP928781	3158976	N/A	N/A	Squalius tartessicus isolate PEI0706 mitochondrion, complete genome	205	16607
1efc8fca-e628-4868-b27c-7c072a1bd5ea	gi|2745580370|gb|PP928779.1|	1.17e-88	97.044	340	PP928779	263744	Squalius pyrenaicus	Squalius pyrenaicus	Squalius pyrenaicus isolate MNHNC:MB85:002116 mitochondrion, complete genome	205	16608
1efc8fca-e628-4868-b27c-7c072a1bd5ea	gi|2745580356|gb|PP928778.1|	1.17e-88	97.044	340	PP928778	8284	Squalius cephalus	European chub	Squalius cephalus isolate SC133GL mitochondrion, complete genome	205	16610
1efc8fca-e628-4868-b27c-7c072a1bd5ea	gi|2745580314|gb|PP928775.1|	1.17e-88	97.044	340	PP928775	70739	Squalius alburnoides	Squalius alburnoides	Squalius alburnoides isolate 1942 mitochondrion, complete genome	205	16607
ae9a2949-6815-4371-bcf0-a06b430d22f3	gi|2775872557|gb|PQ059854.1|	8.43e-101	97.748	381	PQ059854	58325	Leuciscus leuciscus	common dace	Leuciscus leuciscus voucher NRM 55438 mitochondrion, complete genome	243	16603
ae9a2949-6815-4371-bcf0-a06b430d22f3	gi|2745580398|gb|PP928781.1|	8.43e-101	97.748	381	PP928781	3158976	N/A	N/A	Squalius tartessicus isolate PEI0706 mitochondrion, complete genome	243	16607
ae9a2949-6815-4371-bcf0-a06b430d22f3	gi|2745580370|gb|PP928779.1|	8.43e-101	97.748	381	PP928779	263744	Squalius pyrenaicus	Squalius pyrenaicus	Squalius pyrenaicus isolate MNHNC:MB85:002116 mitochondrion, complete genome	243	16608
ae9a2949-6815-4371-bcf0-a06b430d22f3	gi|2745580356|gb|PP928778.1|	8.43e-101	97.748	381	PP928778	8284	Squalius cephalus	European chub	Squalius cephalus isolate SC133GL mitochondrion, complete genome	243	16610
ae9a2949-6815-4371-bcf0-a06b430d22f3	gi|2745580314|gb|PP928775.1|	8.43e-101	97.748	381	PP928775	70739	Squalius alburnoides	Squalius alburnoides	Squalius alburnoides isolate 1942 mitochondrion, complete genome	243	16607
f4e34abb-3a11-4341-b24b-12b105d7315b	gi|2775872557|gb|PQ059854.1|	3.21e-89	97.500	342	PQ059854	58325	Leuciscus leuciscus	common dace	Leuciscus leuciscus voucher NRM 55438 mitochondrion, complete genome	203	16603
f4e34abb-3a11-4341-b24b-12b105d7315b	gi|2745580398|gb|PP928781.1|	3.21e-89	97.500	342	PP928781	3158976	N/A	N/A	Squalius tartessicus isolate PEI0706 mitochondrion, complete genome	203	16607
f4e34abb-3a11-4341-b24b-12b105d7315b	gi|2745580370|gb|PP928779.1|	3.21e-89	97.500	342	PP928779	263744	Squalius pyrenaicus	Squalius pyrenaicus	Squalius pyrenaicus isolate MNHNC:MB85:002116 mitochondrion, complete genome	203	16608
f4e34abb-3a11-4341-b24b-12b105d7315b	gi|2745580356|gb|PP928778.1|	3.21e-89	97.500	342	PP928778	8284	Squalius cephalus	European chub	Squalius cephalus isolate SC133GL mitochondrion, complete genome	203	16610
f4e34abb-3a11-4341-b24b-12b105d7315b	gi|2745580314|gb|PP928775.1|	3.21e-89	97.500	342	PP928775	70739	Squalius alburnoides	Squalius alburnoides	Squalius alburnoides isolate 1942 mitochondrion, complete genome	203	16607
e442a52d-d5ce-47b0-a73c-303ea89b8801	gi|1088477693|ref|NC_031549.1|	1.64e-97	97.685	370	NC_031549	643333	Capoeta aculeata	Capoeta aculeata	Capoeta aculeata mitochondrial DNA, complete genome	222	16602
e442a52d-d5ce-47b0-a73c-303ea89b8801	gi|1088475133|ref|NC_031522.1|	1.64e-97	97.685	370	NC_031522	643318	Capoeta damascina	Capoeta damascina	Capoeta damascina mitochondrial DNA, complete genome	222	16608
e442a52d-d5ce-47b0-a73c-303ea89b8801	gi|2258873121|gb|MZ221752.1|	1.64e-97	97.685	370	MZ221752	77794	Luciobarbus capito	Bulatmai barbel	Luciobarbus capito mitochondrion, complete genome	222	16605
e442a52d-d5ce-47b0-a73c-303ea89b8801	gi|2745580062|gb|PP928757.1|	7.63e-96	97.222	364	PP928757	1483055	Luciobarbus comizo	Iberian barbel	Luciobarbus comizo isolate MNHNC:MB85:001325 mitochondrion, complete genome	222	16614
e442a52d-d5ce-47b0-a73c-303ea89b8801	gi|2745580048|gb|PP928756.1|	7.63e-96	97.222	364	PP928756	41246	Luciobarbus bocagei	Luciobarbus bocagei	Luciobarbus bocagei isolate 1901 mitochondrion, complete genome	222	16621
93d4a121-9f4e-457e-b98f-4bd58726f97d	gi|2775872557|gb|PQ059854.1|	9.85e-100	97.727	377	PQ059854	58325	Leuciscus leuciscus	common dace	Leuciscus leuciscus voucher NRM 55438 mitochondrion, complete genome	223	16603
93d4a121-9f4e-457e-b98f-4bd58726f97d	gi|2745580398|gb|PP928781.1|	9.85e-100	97.727	377	PP928781	3158976	N/A	N/A	Squalius tartessicus isolate PEI0706 mitochondrion, complete genome	223	16607
93d4a121-9f4e-457e-b98f-4bd58726f97d	gi|2745580370|gb|PP928779.1|	9.85e-100	97.727	377	PP928779	263744	Squalius pyrenaicus	Squalius pyrenaicus	Squalius pyrenaicus isolate MNHNC:MB85:002116 mitochondrion, complete genome	223	16608
93d4a121-9f4e-457e-b98f-4bd58726f97d	gi|2745580356|gb|PP928778.1|	9.85e-100	97.727	377	PP928778	8284	Squalius cephalus	European chub	Squalius cephalus isolate SC133GL mitochondrion, complete genome	223	16610
93d4a121-9f4e-457e-b98f-4bd58726f97d	gi|2745580314|gb|PP928775.1|	9.85e-100	97.727	377	PP928775	70739	Squalius alburnoides	Squalius alburnoides	Squalius alburnoides isolate 1942 mitochondrion, complete genome	223	16607
e6420797-dd47-4f6d-a339-cc8fedfb6f52	gi|2775872557|gb|PQ059854.1|	8.14e-101	97.738	381	PQ059854	58325	Leuciscus leuciscus	common dace	Leuciscus leuciscus voucher NRM 55438 mitochondrion, complete genome	236	16603
e6420797-dd47-4f6d-a339-cc8fedfb6f52	gi|2745580398|gb|PP928781.1|	8.14e-101	97.738	381	PP928781	3158976	N/A	N/A	Squalius tartessicus isolate PEI0706 mitochondrion, complete genome	236	16607
e6420797-dd47-4f6d-a339-cc8fedfb6f52	gi|2745580370|gb|PP928779.1|	8.14e-101	97.738	381	PP928779	263744	Squalius pyrenaicus	Squalius pyrenaicus	Squalius pyrenaicus isolate MNHNC:MB85:002116 mitochondrion, complete genome	236	16608
e6420797-dd47-4f6d-a339-cc8fedfb6f52	gi|2745580356|gb|PP928778.1|	8.14e-101	97.738	381	PP928778	8284	Squalius cephalus	European chub	Squalius cephalus isolate SC133GL mitochondrion, complete genome	236	16610
e6420797-dd47-4f6d-a339-cc8fedfb6f52	gi|2745580314|gb|PP928775.1|	8.14e-101	97.738	381	PP928775	70739	Squalius alburnoides	Squalius alburnoides	Squalius alburnoides isolate 1942 mitochondrion, complete genome	236	16607
d04c8310-b3d7-4740-a7a5-6ab9f7728495	gi|2775872557|gb|PQ059854.1|	1.65e-102	98.190	387	PQ059854	58325	Leuciscus leuciscus	common dace	Leuciscus leuciscus voucher NRM 55438 mitochondrion, complete genome	224	16603
d04c8310-b3d7-4740-a7a5-6ab9f7728495	gi|2745580398|gb|PP928781.1|	1.65e-102	98.190	387	PP928781	3158976	N/A	N/A	Squalius tartessicus isolate PEI0706 mitochondrion, complete genome	224	16607
d04c8310-b3d7-4740-a7a5-6ab9f7728495	gi|2745580370|gb|PP928779.1|	1.65e-102	98.190	387	PP928779	263744	Squalius pyrenaicus	Squalius pyrenaicus	Squalius pyrenaicus isolate MNHNC:MB85:002116 mitochondrion, complete genome	224	16608
d04c8310-b3d7-4740-a7a5-6ab9f7728495	gi|2745580356|gb|PP928778.1|	1.65e-102	98.190	387	PP928778	8284	Squalius cephalus	European chub	Squalius cephalus isolate SC133GL mitochondrion, complete genome	224	16610
d04c8310-b3d7-4740-a7a5-6ab9f7728495	gi|2745580314|gb|PP928775.1|	1.65e-102	98.190	387	PP928775	70739	Squalius alburnoides	Squalius alburnoides	Squalius alburnoides isolate 1942 mitochondrion, complete genome	224	16607
e0994127-2341-4f2d-9f1e-1472c6ce1a0f	gi|2775872557|gb|PQ059854.1|	1.65e-102	98.190	387	PQ059854	58325	Leuciscus leuciscus	common dace	Leuciscus leuciscus voucher NRM 55438 mitochondrion, complete genome	224	16603
e0994127-2341-4f2d-9f1e-1472c6ce1a0f	gi|2745580398|gb|PP928781.1|	1.65e-102	98.190	387	PP928781	3158976	N/A	N/A	Squalius tartessicus isolate PEI0706 mitochondrion, complete genome	224	16607
e0994127-2341-4f2d-9f1e-1472c6ce1a0f	gi|2745580370|gb|PP928779.1|	1.65e-102	98.190	387	PP928779	263744	Squalius pyrenaicus	Squalius pyrenaicus	Squalius pyrenaicus isolate MNHNC:MB85:002116 mitochondrion, complete genome	224	16608
e0994127-2341-4f2d-9f1e-1472c6ce1a0f	gi|2745580356|gb|PP928778.1|	1.65e-102	98.190	387	PP928778	8284	Squalius cephalus	European chub	Squalius cephalus isolate SC133GL mitochondrion, complete genome	224	16610
e0994127-2341-4f2d-9f1e-1472c6ce1a0f	gi|2745580314|gb|PP928775.1|	1.65e-102	98.190	387	PP928775	70739	Squalius alburnoides	Squalius alburnoides	Squalius alburnoides isolate 1942 mitochondrion, complete genome	224	16607
4d064608-7b43-4642-b0b9-fa0fcfc29e4a	gi|1088477693|ref|NC_031549.1|	2.74e-100	97.738	379	NC_031549	643333	Capoeta aculeata	Capoeta aculeata	Capoeta aculeata mitochondrial DNA, complete genome	223	16602
4d064608-7b43-4642-b0b9-fa0fcfc29e4a	gi|1088475133|ref|NC_031522.1|	2.74e-100	97.738	379	NC_031522	643318	Capoeta damascina	Capoeta damascina	Capoeta damascina mitochondrial DNA, complete genome	223	16608
4d064608-7b43-4642-b0b9-fa0fcfc29e4a	gi|2258873121|gb|MZ221752.1|	2.74e-100	97.738	379	MZ221752	77794	Luciobarbus capito	Bulatmai barbel	Luciobarbus capito mitochondrion, complete genome	223	16605
4d064608-7b43-4642-b0b9-fa0fcfc29e4a	gi|2745580062|gb|PP928757.1|	1.27e-98	97.285	374	PP928757	1483055	Luciobarbus comizo	Iberian barbel	Luciobarbus comizo isolate MNHNC:MB85:001325 mitochondrion, complete genome	223	16614
4d064608-7b43-4642-b0b9-fa0fcfc29e4a	gi|2745580048|gb|PP928756.1|	1.27e-98	97.285	374	PP928756	41246	Luciobarbus bocagei	Luciobarbus bocagei	Luciobarbus bocagei isolate 1901 mitochondrion, complete genome	223	16621
9189f205-4495-4dbc-8968-5a5147ee5525	gi|1088477693|ref|NC_031549.1|	3.05e-95	98.086	363	NC_031549	643333	Capoeta aculeata	Capoeta aculeata	Capoeta aculeata mitochondrial DNA, complete genome	243	16602
9189f205-4495-4dbc-8968-5a5147ee5525	gi|1088475133|ref|NC_031522.1|	3.05e-95	98.086	363	NC_031522	643318	Capoeta damascina	Capoeta damascina	Capoeta damascina mitochondrial DNA, complete genome	243	16608
9189f205-4495-4dbc-8968-5a5147ee5525	gi|2258873121|gb|MZ221752.1|	3.05e-95	98.086	363	MZ221752	77794	Luciobarbus capito	Bulatmai barbel	Luciobarbus capito mitochondrion, complete genome	243	16605
9189f205-4495-4dbc-8968-5a5147ee5525	gi|2745580062|gb|PP928757.1|	1.42e-93	97.608	357	PP928757	1483055	Luciobarbus comizo	Iberian barbel	Luciobarbus comizo isolate MNHNC:MB85:001325 mitochondrion, complete genome	243	16614
9189f205-4495-4dbc-8968-5a5147ee5525	gi|2745580048|gb|PP928756.1|	1.42e-93	97.608	357	PP928756	41246	Luciobarbus bocagei	Luciobarbus bocagei	Luciobarbus bocagei isolate 1901 mitochondrion, complete genome	243	16621
8c883564-7091-4cfe-8c29-6334faad2364	gi|2775872557|gb|PQ059854.1|	1.28e-98	97.273	374	PQ059854	58325	Leuciscus leuciscus	common dace	Leuciscus leuciscus voucher NRM 55438 mitochondrion, complete genome	224	16603
8c883564-7091-4cfe-8c29-6334faad2364	gi|2745580398|gb|PP928781.1|	1.28e-98	97.273	374	PP928781	3158976	N/A	N/A	Squalius tartessicus isolate PEI0706 mitochondrion, complete genome	224	16607
8c883564-7091-4cfe-8c29-6334faad2364	gi|2745580370|gb|PP928779.1|	1.28e-98	97.273	374	PP928779	263744	Squalius pyrenaicus	Squalius pyrenaicus	Squalius pyrenaicus isolate MNHNC:MB85:002116 mitochondrion, complete genome	224	16608
8c883564-7091-4cfe-8c29-6334faad2364	gi|2745580356|gb|PP928778.1|	1.28e-98	97.273	374	PP928778	8284	Squalius cephalus	European chub	Squalius cephalus isolate SC133GL mitochondrion, complete genome	224	16610
8c883564-7091-4cfe-8c29-6334faad2364	gi|2745580314|gb|PP928775.1|	1.28e-98	97.273	374	PP928775	70739	Squalius alburnoides	Squalius alburnoides	Squalius alburnoides isolate 1942 mitochondrion, complete genome	224	16607
0c01fd96-935b-4096-944a-15b75dc2ccfe	gi|2775872557|gb|PQ059854.1|	9.39e-95	97.619	361	PQ059854	58325	Leuciscus leuciscus	common dace	Leuciscus leuciscus voucher NRM 55438 mitochondrion, complete genome	213	16603
0c01fd96-935b-4096-944a-15b75dc2ccfe	gi|2745580398|gb|PP928781.1|	9.39e-95	97.619	361	PP928781	3158976	N/A	N/A	Squalius tartessicus isolate PEI0706 mitochondrion, complete genome	213	16607
0c01fd96-935b-4096-944a-15b75dc2ccfe	gi|2745580370|gb|PP928779.1|	9.39e-95	97.619	361	PP928779	263744	Squalius pyrenaicus	Squalius pyrenaicus	Squalius pyrenaicus isolate MNHNC:MB85:002116 mitochondrion, complete genome	213	16608
0c01fd96-935b-4096-944a-15b75dc2ccfe	gi|2745580356|gb|PP928778.1|	9.39e-95	97.619	361	PP928778	8284	Squalius cephalus	European chub	Squalius cephalus isolate SC133GL mitochondrion, complete genome	213	16610
0c01fd96-935b-4096-944a-15b75dc2ccfe	gi|2745580314|gb|PP928775.1|	9.39e-95	97.619	361	PP928775	70739	Squalius alburnoides	Squalius alburnoides	Squalius alburnoides isolate 1942 mitochondrion, complete genome	213	16607
2db76f04-df50-47d3-8709-1f5d743cbc76	gi|2775872557|gb|PQ059854.1|	4.19e-99	97.297	375	PQ059854	58325	Leuciscus leuciscus	common dace	Leuciscus leuciscus voucher NRM 55438 mitochondrion, complete genome	258	16603
2db76f04-df50-47d3-8709-1f5d743cbc76	gi|2745580398|gb|PP928781.1|	4.19e-99	97.297	375	PP928781	3158976	N/A	N/A	Squalius tartessicus isolate PEI0706 mitochondrion, complete genome	258	16607
2db76f04-df50-47d3-8709-1f5d743cbc76	gi|2745580370|gb|PP928779.1|	4.19e-99	97.297	375	PP928779	263744	Squalius pyrenaicus	Squalius pyrenaicus	Squalius pyrenaicus isolate MNHNC:MB85:002116 mitochondrion, complete genome	258	16608
2db76f04-df50-47d3-8709-1f5d743cbc76	gi|2745580356|gb|PP928778.1|	4.19e-99	97.297	375	PP928778	8284	Squalius cephalus	European chub	Squalius cephalus isolate SC133GL mitochondrion, complete genome	258	16610
2db76f04-df50-47d3-8709-1f5d743cbc76	gi|2745580314|gb|PP928775.1|	4.19e-99	97.297	375	PP928775	70739	Squalius alburnoides	Squalius alburnoides	Squalius alburnoides isolate 1942 mitochondrion, complete genome	258	16607
